<?xml version="1.0" encoding="UTF-8"?>
<!-- Generated by org.testng.reporters.JUnitReportReporter -->
<testsuite hostname="DESKTOP-JCANQL6" failures="0" tests="1" name="demoapi.Loginsimple" time="3.984" errors="0" timestamp="2024-02-25T15:30:41 IST" skipped="0">
  <testcase classname="demoapi.Loginsimple" name="Verifyloginwithvalidcredential" time="3.984"/>
  <system-out/>
</testsuite> <!-- demoapi.Loginsimple -->
