<?xml version="1.0" encoding="UTF-8"?>
<!-- Generated by org.testng.reporters.JUnitReportReporter -->
<testsuite hostname="DESKTOP-JCANQL6" failures="0" tests="1" name="demoapi.NewTest" time="6.736" errors="0" timestamp="2024-02-24T00:26:23 IST" skipped="0">
  <testcase classname="demoapi.NewTest" name="testSearchAPI" time="6.736"/>
</testsuite> <!-- demoapi.NewTest -->
